Traceback (most recent call last):
  File "c:\Hossein\portfolio\.venv\Lib\site-packages\jupyter_cache\executors\utils.py", line 58, in single_nb_execution
    executenb(
    ~~~~~~~~~^
        nb,
        ^^^
    ...<4 lines>...
        **kwargs,
        ^^^^^^^^^
    )
    ^
  File "c:\Hossein\portfolio\.venv\Lib\site-packages\nbclient\client.py", line 1319, in execute
    return NotebookClient(nb=nb, resources=resources, km=km, **kwargs).execute()
           ~~~~~~~~~~~~~~~~~~~~~~~~~~~~~~~~~~~~~~~~~~~~~~~~~~~~~~~~~~~~~~~~~~~^^
  File "c:\Hossein\portfolio\.venv\Lib\site-packages\jupyter_core\utils\__init__.py", line 165, in wrapped
    return loop.run_until_complete(inner)
           ~~~~~~~~~~~~~~~~~~~~~~~^^^^^^^
  File "C:\Users\hkara\AppData\Local\Programs\Python\Python313\Lib\asyncio\base_events.py", line 720, in run_until_complete
    return future.result()
           ~~~~~~~~~~~~~^^
  File "c:\Hossein\portfolio\.venv\Lib\site-packages\nbclient\client.py", line 709, in async_execute
    await self.async_execute_cell(
        cell, index, execution_count=self.code_cells_executed + 1
    )
  File "c:\Hossein\portfolio\.venv\Lib\site-packages\nbclient\client.py", line 1062, in async_execute_cell
    await self._check_raise_for_error(cell, cell_index, exec_reply)
  File "c:\Hossein\portfolio\.venv\Lib\site-packages\nbclient\client.py", line 918, in _check_raise_for_error
    raise CellExecutionError.from_cell_and_msg(cell, exec_reply_content)
nbclient.exceptions.CellExecutionError: An error occurred while executing the following cell:
------------------
# Define material properties
C3 = ACIConcrete(fc=4000, is_lightweight=True)
------------------


[31m---------------------------------------------------------------------------[39m
[31mValueError[39m                                Traceback (most recent call last)
[36mCell[39m[36m [39m[32mIn[2][39m[32m, line 2[39m
[32m      1[39m [38;5;66;03m# Define material properties[39;00m
[32m----> [39m[32m2[39m C3 = [43mACIConcrete[49m[43m([49m[43mfc[49m[43m=[49m[32;43m4000[39;49m[43m,[49m[43m [49m[43mis_lightweight[49m[43m=[49m[38;5;28;43;01mTrue[39;49;00m[43m)[49m

[36mFile [39m[32mC:\Hossein\portfolio\hkaragah.github.io\assets\modules\materials.py:97[39m, in [36mACIConcrete.__init__[39m[34m(self, fc, is_lightweight, density)[39m
[32m     96[39m [38;5;28;01mdef[39;00m[38;5;250m [39m[34m__init__[39m([38;5;28mself[39m, fc: [38;5;28mfloat[39m, is_lightweight: [38;5;28mbool[39m = [38;5;28;01mFalse[39;00m, density: [38;5;28mfloat[39m = [38;5;28;01mNone[39;00m) -> [38;5;28;01mNone[39;00m:
[32m---> [39m[32m97[39m     [38;5;28;43msuper[39;49m[43m([49m[43m)[49m[43m.[49m[34;43m__init__[39;49m[43m([49m[43mfc[49m[43m,[49m[43m [49m[43mis_lightweight[49m[43m,[49m[43m [49m[43mdensity[49m[43m)[49m
[32m     98[39m     [38;5;28mself[39m.name = [33m"[39m[33mACI Concrete[39m[33m"[39m

[36mFile [39m[32mC:\Hossein\portfolio\hkaragah.github.io\assets\modules\materials.py:38[39m, in [36mConcrete.__init__[39m[34m(self, fc, is_lightweight, density)[39m
[32m     35[39m [38;5;28mself[39m.density = density
[32m     37[39m [38;5;28;01mif[39;00m [38;5;28mself[39m.is_lightweight [38;5;129;01mand[39;00m [38;5;28mself[39m.density [38;5;129;01mis[39;00m [38;5;28;01mNone[39;00m:
[32m---> [39m[32m38[39m     [38;5;28;01mraise[39;00m [38;5;167;01mValueError[39;00m([33m"[39m[33mDensity must be provided for lightweight concrete.[39m[33m"[39m)

[31mValueError[39m: Density must be provided for lightweight concrete.

