Traceback (most recent call last):
  File "c:\Hossein\portfolio\.venv\Lib\site-packages\jupyter_cache\executors\utils.py", line 58, in single_nb_execution
    executenb(
    ~~~~~~~~~^
        nb,
        ^^^
    ...<4 lines>...
        **kwargs,
        ^^^^^^^^^
    )
    ^
  File "c:\Hossein\portfolio\.venv\Lib\site-packages\nbclient\client.py", line 1319, in execute
    return NotebookClient(nb=nb, resources=resources, km=km, **kwargs).execute()
           ~~~~~~~~~~~~~~~~~~~~~~~~~~~~~~~~~~~~~~~~~~~~~~~~~~~~~~~~~~~~~~~~~~~^^
  File "c:\Hossein\portfolio\.venv\Lib\site-packages\jupyter_core\utils\__init__.py", line 165, in wrapped
    return loop.run_until_complete(inner)
           ~~~~~~~~~~~~~~~~~~~~~~~^^^^^^^
  File "C:\Users\hkara\AppData\Local\Programs\Python\Python313\Lib\asyncio\base_events.py", line 720, in run_until_complete
    return future.result()
           ~~~~~~~~~~~~~^^
  File "c:\Hossein\portfolio\.venv\Lib\site-packages\nbclient\client.py", line 709, in async_execute
    await self.async_execute_cell(
        cell, index, execution_count=self.code_cells_executed + 1
    )
  File "c:\Hossein\portfolio\.venv\Lib\site-packages\nbclient\client.py", line 1062, in async_execute_cell
    await self._check_raise_for_error(cell, cell_index, exec_reply)
  File "c:\Hossein\portfolio\.venv\Lib\site-packages\nbclient\client.py", line 918, in _check_raise_for_error
    raise CellExecutionError.from_cell_and_msg(cell, exec_reply_content)
nbclient.exceptions.CellExecutionError: An error occurred while executing the following cell:
------------------
from dataclasses import dataclass
import numpy as np
import pandas as pd
import matplotlib.pyplot as plt
from matplotlib.axes import Axes
from ipywidgets import interact, FloatSlider
from math import pi, atan, cos, sin, tan, sqrt, radians, degrees
import os
import sys
sys.path.append(os.path.abspath("../../.."))
from assets.modules.shapes import AISCShape
from assets.modules.materials import ASTMSteel, SteelSectionCategories
import assets.modules.scbf as scbf
------------------


[31m---------------------------------------------------------------------------[39m
[31mModuleNotFoundError[39m                       Traceback (most recent call last)
[36mCell[39m[36m [39m[32mIn[1][39m[32m, line 6[39m
[32m      4[39m [38;5;28;01mimport[39;00m[38;5;250m [39m[34;01mmatplotlib[39;00m[34;01m.[39;00m[34;01mpyplot[39;00m[38;5;250m [39m[38;5;28;01mas[39;00m[38;5;250m [39m[34;01mplt[39;00m
[32m      5[39m [38;5;28;01mfrom[39;00m[38;5;250m [39m[34;01mmatplotlib[39;00m[34;01m.[39;00m[34;01maxes[39;00m[38;5;250m [39m[38;5;28;01mimport[39;00m Axes
[32m----> [39m[32m6[39m [38;5;28;01mfrom[39;00m[38;5;250m [39m[34;01mipywidgets[39;00m[38;5;250m [39m[38;5;28;01mimport[39;00m interact, FloatSlider
[32m      7[39m [38;5;28;01mfrom[39;00m[38;5;250m [39m[34;01mmath[39;00m[38;5;250m [39m[38;5;28;01mimport[39;00m pi, atan, cos, sin, tan, sqrt, radians, degrees
[32m      8[39m [38;5;28;01mimport[39;00m[38;5;250m [39m[34;01mos[39;00m

[31mModuleNotFoundError[39m: No module named 'ipywidgets'

