1136.52 0.001
2686.47 0.002
3679.03 0.003
4677.28 0.004
5681.22 0.005
6690.85 0.006
7706.16 0.007
8727.17 0.008
9753.86 0.009
10786.2 0.01
11824.3 0.011
12868.1 0.012
13917.5 0.013
14972.6 0.014
16033.4 0.015
17099.9 0.016
18172.1 0.017
19250 0.018
20333.6 0.019
21422.8 0.02
22517.8 0.021
23618.4 0.022
24724.7 0.023
25836.7 0.024
26954.4 0.025
28077.8 0.026
29206.9 0.027
30341.6 0.028
31482 0.029
32628.2 0.03
33780 0.031
34937.5 0.032
36100.7 0.033
37269.6 0.034
38444.1 0.035
39624.4 0.036
40810.3 0.037
42002 0.038
43199.3 0.039
44402.3 0.04
45611 0.041
46825.4 0.042
48045.4 0.043
49271.2 0.044
50502.6 0.045
51739.8 0.046
52982.6 0.047
54231.1 0.048
55485.3 0.049
56745.2 0.05
58010.7 0.051
59282 0.052
60558.9 0.053
61841.6 0.054
63129.9 0.055
64423.9 0.056
65723.6 0.057
67029 0.058
68340 0.059
69656.8 0.06
70979.2 0.061
72307.4 0.062
73641.2 0.063
74980.7 0.064
76325.9 0.065
77676.8 0.066
79033.3 0.067
80395.6 0.068
81763.5 0.069
83137.2 0.07
84516.5 0.071
85901.5 0.072
87292.2 0.073
88688.6 0.074
90090.7 0.075
91498.4 0.076
92911.9 0.077
94331 0.078
95755.8 0.079
97186.3 0.08
98622.5 0.081
100064 0.082
101512 0.083
102965 0.084
104424 0.085
105889 0.086
107359 0.087
108835 0.088
110317 0.089
111804 0.09
113297 0.091
114796 0.092
116301 0.093
117811 0.094
119326 0.095
120848 0.096
122375 0.097
123908 0.098
125447 0.099
126991 0.1
128541 0.101
130096 0.102
131658 0.103
133225 0.104
134798 0.105
136376 0.106
137960 0.107
139550 0.108
141145 0.109
142746 0.11
144353 0.111
145966 0.112
147584 0.113
149208 0.114
150837 0.115
152473 0.116
154114 0.117
155760 0.118
157413 0.119
159071 0.12
160734 0.121
162404 0.122
164079 0.123
165759 0.124
167446 0.125
169138 0.126
170836 0.127
172539 0.128
174249 0.129
175963 0.13
177684 0.131
179410 0.132
181142 0.133
182880 0.134
184623 0.135
186372 0.136
188127 0.137
189887 0.138
191653 0.139
193425 0.14
195203 0.141
196986 0.142
198775 0.143
200569 0.144
202369 0.145
204175 0.146
205987 0.147
207804 0.148
209627 0.149
211456 0.15
213290 0.151
215130 0.152
216976 0.153
218827 0.154
220684 0.155
222547 0.156
224415 0.157
226290 0.158
228169 0.159
230055 0.16
231946 0.161
233843 0.162
235746 0.163
237654 0.164
239568 0.165
241487 0.166
243413 0.167
245344 0.168
247280 0.169
249223 0.17
251171 0.171
253125 0.172
255084 0.173
257049 0.174
259020 0.175
260997 0.176
262979 0.177
264967 0.178
266960 0.179
268960 0.18
270965 0.181
272975 0.182
274992 0.183
277014 0.184
279041 0.185
281075 0.186
283114 0.187
285158 0.188
287209 0.189
289265 0.19
291327 0.191
293394 0.192
295468 0.193
297547 0.194
299631 0.195
301721 0.196
303817 0.197
305919 0.198
308026 0.199
310139 0.2
312258 0.201
314382 0.202
316513 0.203
318648 0.204
320790 0.205
322937 0.206
325090 0.207
327248 0.208
329412 0.209
331582 0.21
333758 0.211
335939 0.212
338126 0.213
340319 0.214
342517 0.215
344721 0.216
346931 0.217
349146 0.218
351367 0.219
353594 0.22
355827 0.221
358065 0.222
360309 0.223
362558 0.224
364813 0.225
367074 0.226
369341 0.227
371613 0.228
373891 0.229
376175 0.23
378464 0.231
380759 0.232
383060 0.233
385366 0.234
387678 0.235
389996 0.236
392320 0.237
394649 0.238
396983 0.239
399324 0.24
401670 0.241
404022 0.242
406380 0.243
408743 0.244
411112 0.245
413487 0.246
415867 0.247
418253 0.248
420645 0.249
423042 0.25
425445 0.251
427854 0.252
430268 0.253
432689 0.254
435114 0.255
437546 0.256
439983 0.257
442426 0.258
444875 0.259
447329 0.26
449789 0.261
452255 0.262
454726 0.263
457203 0.264
459686 0.265
462174 0.266
464668 0.267
467168 0.268
469673 0.269
472184 0.27
474701 0.271
477224 0.272
479752 0.273
482286 0.274
484826 0.275
487371 0.276
489922 0.277
492478 0.278
495041 0.279
497609 0.28
500183 0.281
502762 0.282
505347 0.283
507938 0.284
510534 0.285
513136 0.286
515744 0.287
518358 0.288
520977 0.289
523602 0.29
526233 0.291
528869 0.292
531511 0.293
534158 0.294
536812 0.295
539471 0.296
542136 0.297
544806 0.298
547482 0.299
550164 0.3
552851 0.301
555544 0.302
558243 0.303
560948 0.304
563658 0.305
566374 0.306
569095 0.307
571823 0.308
574556 0.309
577294 0.31
580039 0.311
582789 0.312
585544 0.313
588306 0.314
591073 0.315
593846 0.316
596624 0.317
599408 0.318
602198 0.319
604994 0.32
607795 0.321
610602 0.322
613415 0.323
616233 0.324
619057 0.325
621886 0.326
624722 0.327
627563 0.328
630410 0.329
633262 0.33
636120 0.331
638984 0.332
641853 0.333
644728 0.334
647609 0.335
650496 0.336
653388 0.337
656286 0.338
659190 0.339
662099 0.34
665014 0.341
667934 0.342
670861 0.343
673793 0.344
676731 0.345
679674 0.346
682623 0.347
685578 0.348
688538 0.349
691504 0.35
694476 0.351
697454 0.352
700437 0.353
703426 0.354
706421 0.355
709421 0.356
712427 0.357
715439 0.358
718456 0.359
721479 0.36
724508 0.361
727542 0.362
730582 0.363
733628 0.364
736679 0.365
739737 0.366
742799 0.367
745868 0.368
748942 0.369
752022 0.37
755108 0.371
758199 0.372
761296 0.373
764399 0.374
767507 0.375
770621 0.376
773741 0.377
776866 0.378
779997 0.379
783134 0.38
786276 0.381
789425 0.382
792578 0.383
795738 0.384
798903 0.385
802074 0.386
805251 0.387
808433 0.388
811621 0.389
814815 0.39
818014 0.391
821219 0.392
824430 0.393
827646 0.394
830868 0.395
834096 0.396
837330 0.397
840569 0.398
843814 0.399
847064 0.4
850320 0.401
853582 0.402
856850 0.403
860123 0.404
863402 0.405
866687 0.406
869977 0.407
873273 0.408
876575 0.409
879882 0.41
883195 0.411
886514 0.412
889839 0.413
893169 0.414
896505 0.415
899846 0.416
903194 0.417
906546 0.418
909905 0.419
913269 0.42
916639 0.421
920015 0.422
923396 0.423
926783 0.424
930176 0.425
933575 0.426
936979 0.427
940388 0.428
943804 0.429
947225 0.43
950652 0.431
954084 0.432
957523 0.433
960967 0.434
964416 0.435
967872 0.436
971333 0.437
974799 0.438
978272 0.439
981750 0.44
985233 0.441
988723 0.442
992218 0.443
995719 0.444
999225 0.445
1.00274e+06 0.446
1.00626e+06 0.447
1.00978e+06 0.448
1.01331e+06 0.449
1.01684e+06 0.45
1.02038e+06 0.451
1.02393e+06 0.452
1.02748e+06 0.453
1.03104e+06 0.454
1.0346e+06 0.455
1.03817e+06 0.456
1.04175e+06 0.457
1.04533e+06 0.458
1.04891e+06 0.459
1.0525e+06 0.46
1.0561e+06 0.461
1.05971e+06 0.462
1.06331e+06 0.463
1.06693e+06 0.464
1.07055e+06 0.465
1.07418e+06 0.466
1.07781e+06 0.467
1.08144e+06 0.468
1.08509e+06 0.469
1.08874e+06 0.47
1.09239e+06 0.471
1.09605e+06 0.472
1.09972e+06 0.473
1.10339e+06 0.474
1.10706e+06 0.475
1.11075e+06 0.476
1.11444e+06 0.477
1.11813e+06 0.478
1.12183e+06 0.479
1.12554e+06 0.48
1.12925e+06 0.481
1.13296e+06 0.482
1.13669e+06 0.483
1.14041e+06 0.484
1.14415e+06 0.485
1.14789e+06 0.486
1.15163e+06 0.487
1.15538e+06 0.488
1.15914e+06 0.489
1.1629e+06 0.49
1.16667e+06 0.491
1.17045e+06 0.492
1.17422e+06 0.493
1.17801e+06 0.494
1.1818e+06 0.495
1.1856e+06 0.496
1.1894e+06 0.497
1.19321e+06 0.498
1.19702e+06 0.499
1.20084e+06 0.5
1.20467e+06 0.501
1.2085e+06 0.502
1.21233e+06 0.503
1.21617e+06 0.504
1.22002e+06 0.505
1.22388e+06 0.506
1.22773e+06 0.507
1.2316e+06 0.508
1.23547e+06 0.509
1.23935e+06 0.51
1.24323e+06 0.511
1.24712e+06 0.512
1.25101e+06 0.513
1.25491e+06 0.514
1.25881e+06 0.515
1.26272e+06 0.516
1.26664e+06 0.517
1.27056e+06 0.518
1.27449e+06 0.519
1.27842e+06 0.52
1.28236e+06 0.521
1.2863e+06 0.522
1.29025e+06 0.523
1.29421e+06 0.524
1.29817e+06 0.525
1.30214e+06 0.526
1.30611e+06 0.527
1.31009e+06 0.528
1.31407e+06 0.529
1.31806e+06 0.53
1.32206e+06 0.531
1.32606e+06 0.532
1.33007e+06 0.533
1.33408e+06 0.534
1.3381e+06 0.535
1.34212e+06 0.536
1.34615e+06 0.537
1.35019e+06 0.538
1.35423e+06 0.539
1.35828e+06 0.54
1.36233e+06 0.541
1.36639e+06 0.542
1.37045e+06 0.543
1.37452e+06 0.544
1.3786e+06 0.545
1.38268e+06 0.546
1.38676e+06 0.547
1.39086e+06 0.548
1.39495e+06 0.549
1.39906e+06 0.55
1.40317e+06 0.551
1.40728e+06 0.552
1.4114e+06 0.553
1.41553e+06 0.554
1.41966e+06 0.555
1.4238e+06 0.556
1.42794e+06 0.557
1.43209e+06 0.558
1.43625e+06 0.559
1.44041e+06 0.56
1.44457e+06 0.561
1.44874e+06 0.562
1.45292e+06 0.563
1.45711e+06 0.564
1.46129e+06 0.565
1.46549e+06 0.566
1.46969e+06 0.567
1.4739e+06 0.568
1.47811e+06 0.569
1.48233e+06 0.57
1.48655e+06 0.571
1.49078e+06 0.572
1.49501e+06 0.573
1.49925e+06 0.574
1.5035e+06 0.575
1.50775e+06 0.576
1.51201e+06 0.577
1.51627e+06 0.578
1.52054e+06 0.579
1.52481e+06 0.58
1.52909e+06 0.581
1.53338e+06 0.582
1.53767e+06 0.583
1.54197e+06 0.584
1.54627e+06 0.585
1.55058e+06 0.586
1.55489e+06 0.587
1.55921e+06 0.588
1.56354e+06 0.589
1.56787e+06 0.59
1.57221e+06 0.591
1.57655e+06 0.592
1.5809e+06 0.593
1.58525e+06 0.594
1.58961e+06 0.595
1.59397e+06 0.596
1.59835e+06 0.597
1.60272e+06 0.598
1.6071e+06 0.599
1.61149e+06 0.6
1.61589e+06 0.601
1.62029e+06 0.602
1.62469e+06 0.603
1.6291e+06 0.604
1.63352e+06 0.605
1.63794e+06 0.606
1.64237e+06 0.607
1.6468e+06 0.608
1.65124e+06 0.609
1.65569e+06 0.61
1.66014e+06 0.611
1.66459e+06 0.612
1.66906e+06 0.613
1.67352e+06 0.614
1.678e+06 0.615
1.68248e+06 0.616
1.68696e+06 0.617
1.69145e+06 0.618
1.69595e+06 0.619
1.70045e+06 0.62
1.70496e+06 0.621
1.70947e+06 0.622
1.71399e+06 0.623
1.71851e+06 0.624
1.72304e+06 0.625
1.72758e+06 0.626
1.73212e+06 0.627
1.73667e+06 0.628
1.74122e+06 0.629
1.74578e+06 0.63
1.75034e+06 0.631
1.75491e+06 0.632
1.75949e+06 0.633
1.76407e+06 0.634
1.76866e+06 0.635
1.77325e+06 0.636
1.77785e+06 0.637
1.78245e+06 0.638
1.78706e+06 0.639
1.79168e+06 0.64
1.7963e+06 0.641
1.80093e+06 0.642
1.80556e+06 0.643
1.8102e+06 0.644
1.81484e+06 0.645
1.81949e+06 0.646
1.82415e+06 0.647
1.82881e+06 0.648
1.83347e+06 0.649
1.83815e+06 0.65
1.84283e+06 0.651
1.84751e+06 0.652
1.8522e+06 0.653
1.85689e+06 0.654
1.86159e+06 0.655
1.8663e+06 0.656
1.87101e+06 0.657
1.87573e+06 0.658
1.88046e+06 0.659
1.88518e+06 0.66
1.88992e+06 0.661
1.89466e+06 0.662
1.89941e+06 0.663
1.90416e+06 0.664
1.90892e+06 0.665
1.91368e+06 0.666
1.91845e+06 0.667
1.92322e+06 0.668
1.928e+06 0.669
1.93279e+06 0.67
1.93758e+06 0.671
1.94238e+06 0.672
1.94718e+06 0.673
1.95199e+06 0.674
1.95681e+06 0.675
1.96163e+06 0.676
1.96645e+06 0.677
1.97128e+06 0.678
1.97612e+06 0.679
1.98097e+06 0.68
1.98581e+06 0.681
1.99067e+06 0.682
1.99553e+06 0.683
2.00039e+06 0.684
2.00527e+06 0.685
2.01014e+06 0.686
2.01503e+06 0.687
2.01991e+06 0.688
2.02481e+06 0.689
2.02971e+06 0.69
2.03461e+06 0.691
2.03953e+06 0.692
2.04444e+06 0.693
2.04937e+06 0.694
2.05429e+06 0.695
2.05923e+06 0.696
2.06417e+06 0.697
2.06911e+06 0.698
2.07406e+06 0.699
2.07902e+06 0.7
2.08398e+06 0.701
2.08895e+06 0.702
2.09393e+06 0.703
2.09891e+06 0.704
2.10389e+06 0.705
2.10888e+06 0.706
2.11388e+06 0.707
2.11888e+06 0.708
2.12389e+06 0.709
2.1289e+06 0.71
2.13392e+06 0.711
2.13895e+06 0.712
2.14398e+06 0.713
2.14901e+06 0.714
2.15406e+06 0.715
2.1591e+06 0.716
2.16416e+06 0.717
2.16922e+06 0.718
2.17428e+06 0.719
2.17935e+06 0.72
2.18443e+06 0.721
2.18951e+06 0.722
2.1946e+06 0.723
2.19969e+06 0.724
2.20479e+06 0.725
2.20989e+06 0.726
2.21501e+06 0.727
2.22012e+06 0.728
2.22524e+06 0.729
2.23037e+06 0.73
2.2355e+06 0.731
2.24064e+06 0.732
2.24579e+06 0.733
2.25094e+06 0.734
2.25609e+06 0.735
2.26125e+06 0.736
2.26642e+06 0.737
2.27159e+06 0.738
2.27677e+06 0.739
2.28196e+06 0.74
2.28715e+06 0.741
2.29234e+06 0.742
2.29754e+06 0.743
2.30275e+06 0.744
2.30796e+06 0.745
2.31318e+06 0.746
2.31841e+06 0.747
2.32364e+06 0.748
2.32887e+06 0.749
2.33411e+06 0.75
2.33936e+06 0.751
2.34461e+06 0.752
2.34987e+06 0.753
2.35514e+06 0.754
2.3604e+06 0.755
2.36568e+06 0.756
2.37096e+06 0.757
2.37625e+06 0.758
2.38154e+06 0.759
2.38684e+06 0.76
2.39214e+06 0.761
2.39745e+06 0.762
2.40277e+06 0.763
2.40809e+06 0.764
2.41341e+06 0.765
2.41875e+06 0.766
2.42408e+06 0.767
2.42943e+06 0.768
2.43478e+06 0.769
2.44013e+06 0.77
2.44549e+06 0.771
2.45086e+06 0.772
2.45623e+06 0.773
2.46161e+06 0.774
2.46699e+06 0.775
2.47238e+06 0.776
2.47778e+06 0.777
2.48318e+06 0.778
2.48858e+06 0.779
2.49399e+06 0.78
2.49941e+06 0.781
2.50484e+06 0.782
2.51026e+06 0.783
2.5157e+06 0.784
2.52114e+06 0.785
2.52658e+06 0.786
2.53204e+06 0.787
2.53749e+06 0.788
2.54296e+06 0.789
2.54843e+06 0.79
2.5539e+06 0.791
2.55938e+06 0.792
2.56487e+06 0.793
2.57036e+06 0.794
2.57585e+06 0.795
2.58136e+06 0.796
2.58687e+06 0.797
2.59238e+06 0.798
2.5979e+06 0.799
2.60343e+06 0.8
2.60896e+06 0.801
2.61449e+06 0.802
2.62004e+06 0.803
2.62558e+06 0.804
2.63114e+06 0.805
2.6367e+06 0.806
2.64226e+06 0.807
2.64783e+06 0.808
2.65341e+06 0.809
2.65899e+06 0.81
2.66458e+06 0.811
2.67018e+06 0.812
2.67578e+06 0.813
2.68138e+06 0.814
2.68699e+06 0.815
2.69261e+06 0.816
2.69823e+06 0.817
2.70386e+06 0.818
2.70949e+06 0.819
2.71513e+06 0.82
2.72078e+06 0.821
2.72643e+06 0.822
2.73208e+06 0.823
2.73775e+06 0.824
2.74341e+06 0.825
2.74909e+06 0.826
2.75477e+06 0.827
2.76045e+06 0.828
2.76614e+06 0.829
2.77184e+06 0.83
2.77754e+06 0.831
2.78325e+06 0.832
2.78896e+06 0.833
2.79468e+06 0.834
2.8004e+06 0.835
2.80613e+06 0.836
2.81187e+06 0.837
2.81761e+06 0.838
2.82336e+06 0.839
2.82911e+06 0.84
2.83487e+06 0.841
2.84064e+06 0.842
2.84641e+06 0.843
2.85218e+06 0.844
2.85796e+06 0.845
2.86375e+06 0.846
2.86954e+06 0.847
2.87534e+06 0.848
2.88115e+06 0.849
2.88696e+06 0.85
2.89277e+06 0.851
2.89859e+06 0.852
2.90442e+06 0.853
2.91025e+06 0.854
2.91609e+06 0.855
2.92194e+06 0.856
2.92778e+06 0.857
2.93364e+06 0.858
2.9395e+06 0.859
2.94537e+06 0.86
2.95124e+06 0.861
2.95712e+06 0.862
2.963e+06 0.863
2.96889e+06 0.864
2.97479e+06 0.865
2.98069e+06 0.866
2.9866e+06 0.867
2.99251e+06 0.868
2.99843e+06 0.869
3.00435e+06 0.87
3.01028e+06 0.871
3.01621e+06 0.872
3.02215e+06 0.873
3.0281e+06 0.874
3.03405e+06 0.875
3.04001e+06 0.876
3.04597e+06 0.877
3.05194e+06 0.878
3.05792e+06 0.879
3.0639e+06 0.88
3.06989e+06 0.881
3.07588e+06 0.882
3.08188e+06 0.883
3.08788e+06 0.884
3.09389e+06 0.885
3.0999e+06 0.886
3.10592e+06 0.887
3.11195e+06 0.888
3.11798e+06 0.889
3.12402e+06 0.89
3.13006e+06 0.891
3.13611e+06 0.892
3.14216e+06 0.893
3.14822e+06 0.894
3.15429e+06 0.895
3.16036e+06 0.896
3.16644e+06 0.897
3.17252e+06 0.898
3.17861e+06 0.899
3.18471e+06 0.9
3.19081e+06 0.901
3.19691e+06 0.902
3.20302e+06 0.903
3.20914e+06 0.904
3.21526e+06 0.905
3.22139e+06 0.906
3.22753e+06 0.907
3.23366e+06 0.908
3.23981e+06 0.909
3.24596e+06 0.91
3.25212e+06 0.911
3.25828e+06 0.912
3.26445e+06 0.913
3.27062e+06 0.914
3.2768e+06 0.915
3.28299e+06 0.916
3.28918e+06 0.917
3.29538e+06 0.918
3.30158e+06 0.919
3.30779e+06 0.92
3.314e+06 0.921
3.32022e+06 0.922
3.32645e+06 0.923
3.33268e+06 0.924
3.33891e+06 0.925
3.34515e+06 0.926
3.3514e+06 0.927
3.35766e+06 0.928
3.36392e+06 0.929
3.37018e+06 0.93
3.37645e+06 0.931
3.38273e+06 0.932
3.38901e+06 0.933
3.3953e+06 0.934
3.40159e+06 0.935
3.40789e+06 0.936
3.41419e+06 0.937
3.4205e+06 0.938
3.42682e+06 0.939
3.43314e+06 0.94
3.43947e+06 0.941
3.4458e+06 0.942
3.45214e+06 0.943
3.45849e+06 0.944
3.46484e+06 0.945
3.47119e+06 0.946
3.47755e+06 0.947
3.48392e+06 0.948
3.4903e+06 0.949
3.49667e+06 0.95
3.50306e+06 0.951
3.50945e+06 0.952
3.51584e+06 0.953
3.52225e+06 0.954
3.52865e+06 0.955
3.53507e+06 0.956
3.54148e+06 0.957
3.54791e+06 0.958
3.55434e+06 0.959
3.56077e+06 0.96
3.56722e+06 0.961
3.57366e+06 0.962
3.58011e+06 0.963
3.58657e+06 0.964
3.59304e+06 0.965
3.59951e+06 0.966
3.60598e+06 0.967
3.61246e+06 0.968
3.61895e+06 0.969
3.62544e+06 0.97
3.63194e+06 0.971
3.63844e+06 0.972
3.64495e+06 0.973
3.65147e+06 0.974
3.65799e+06 0.975
3.66452e+06 0.976
3.67105e+06 0.977
3.67759e+06 0.978
3.68413e+06 0.979
3.69068e+06 0.98
3.69724e+06 0.981
3.7038e+06 0.982
3.71036e+06 0.983
3.71693e+06 0.984
3.72351e+06 0.985
3.7301e+06 0.986
3.73668e+06 0.987
3.74328e+06 0.988
3.74988e+06 0.989
3.75649e+06 0.99
3.7631e+06 0.991
3.76972e+06 0.992
3.77634e+06 0.993
3.78297e+06 0.994
3.7896e+06 0.995
3.79624e+06 0.996
3.80289e+06 0.997
3.80954e+06 0.998
3.8162e+06 0.999
3.82286e+06 1
