1136.52 -568.76
2686.47 -982.189
3679.03 -987.877
4677.28 -993.564
5681.22 -999.252
6690.85 -1004.94
7706.16 -1010.63
8727.17 -1016.31
9753.86 -1022
10786.2 -1027.69
11824.3 -1033.38
12868.1 -1039.06
13917.5 -1044.75
14972.6 -1050.44
16033.4 -1056.13
17099.9 -1061.82
18172.1 -1067.5
19250 -1073.19
20333.6 -1078.88
21422.8 -1084.57
22517.8 -1090.25
23618.4 -1095.94
24724.7 -1101.63
25836.7 -1107.32
26954.4 -1113
28077.8 -1118.69
29206.9 -1124.38
30341.6 -1130.07
31482 -1135.75
32628.2 -1141.44
33780 -1147.13
34937.5 -1152.82
36100.7 -1158.5
37269.6 -1164.19
38444.1 -1169.88
39624.4 -1175.57
40810.3 -1181.25
42002 -1186.94
43199.3 -1192.63
44402.3 -1198.32
45611 -1204.01
46825.4 -1209.69
48045.4 -1215.38
49271.2 -1221.07
50502.6 -1226.76
51739.8 -1232.44
52982.6 -1238.13
54231.1 -1243.82
55485.3 -1249.51
56745.2 -1255.19
58010.7 -1260.88
59282 -1266.57
60558.9 -1272.26
61841.6 -1277.94
63129.9 -1283.63
64423.9 -1289.32
65723.6 -1295.01
67029 -1300.69
68340 -1306.38
69656.8 -1312.07
70979.2 -1317.76
72307.4 -1323.44
73641.2 -1329.13
74980.7 -1334.82
76325.9 -1340.51
77676.8 -1346.2
79033.3 -1351.88
80395.6 -1357.57
81763.5 -1363.26
83137.2 -1368.95
84516.5 -1374.63
85901.5 -1380.32
87292.2 -1386.01
88688.6 -1391.7
90090.7 -1397.38
91498.4 -1403.07
92911.9 -1408.76
94331 -1414.45
95755.8 -1420.13
97186.3 -1425.82
98622.5 -1431.51
100064 -1437.2
101512 -1442.88
102965 -1448.57
104424 -1454.26
105889 -1459.95
107359 -1465.63
108835 -1471.32
110317 -1477.01
111804 -1482.7
113297 -1488.39
114796 -1494.07
116301 -1499.76
117811 -1505.45
119326 -1511.14
120848 -1516.82
122375 -1522.51
123908 -1528.2
125447 -1533.89
126991 -1539.57
128541 -1545.26
130096 -1550.95
131658 -1556.64
133225 -1562.32
134798 -1568.01
136376 -1573.7
137960 -1579.39
139550 -1585.07
141145 -1590.76
142746 -1596.45
144353 -1602.14
145966 -1607.82
147584 -1613.51
149208 -1619.2
150837 -1624.89
152473 -1630.57
154114 -1636.26
155760 -1641.95
157413 -1647.64
159071 -1653.33
160734 -1659.01
162404 -1664.7
164079 -1670.39
165759 -1676.08
167446 -1681.76
169138 -1687.45
170836 -1693.14
172539 -1698.83
174249 -1704.51
175963 -1710.2
177684 -1715.89
179410 -1721.58
181142 -1727.26
182880 -1732.95
184623 -1738.64
186372 -1744.33
188127 -1750.01
189887 -1755.7
191653 -1761.39
193425 -1767.08
195203 -1772.76
196986 -1778.45
198775 -1784.14
200569 -1789.83
202369 -1795.52
204175 -1801.2
205987 -1806.89
207804 -1812.58
209627 -1818.27
211456 -1823.95
213290 -1829.64
215130 -1835.33
216976 -1841.02
218827 -1846.7
220684 -1852.39
222547 -1858.08
224415 -1863.77
226290 -1869.45
228169 -1875.14
230055 -1880.83
231946 -1886.52
233843 -1892.2
235746 -1897.89
237654 -1903.58
239568 -1909.27
241487 -1914.95
243413 -1920.64
245344 -1926.33
247280 -1932.02
249223 -1937.71
251171 -1943.39
253125 -1949.08
255084 -1954.77
257049 -1960.46
259020 -1966.14
260997 -1971.83
262979 -1977.52
264967 -1983.21
266960 -1988.89
268960 -1994.58
270965 -2000.27
272975 -2005.96
274992 -2011.64
277014 -2017.33
279041 -2023.02
281075 -2028.71
283114 -2034.39
285158 -2040.08
287209 -2045.77
289265 -2051.46
291327 -2057.14
293394 -2062.83
295468 -2068.52
297547 -2074.21
299631 -2079.9
301721 -2085.58
303817 -2091.27
305919 -2096.96
308026 -2102.65
310139 -2108.33
312258 -2114.02
314382 -2119.71
316513 -2125.4
318648 -2131.08
320790 -2136.77
322937 -2142.46
325090 -2148.15
327248 -2153.83
329412 -2159.52
331582 -2165.21
333758 -2170.9
335939 -2176.58
338126 -2182.27
340319 -2187.96
342517 -2193.65
344721 -2199.33
346931 -2205.02
349146 -2210.71
351367 -2216.4
353594 -2222.08
355827 -2227.77
358065 -2233.46
360309 -2239.15
362558 -2244.84
364813 -2250.52
367074 -2256.21
369341 -2261.9
371613 -2267.59
373891 -2273.27
376175 -2278.96
378464 -2284.65
380759 -2290.34
383060 -2296.02
385366 -2301.71
387678 -2307.4
389996 -2313.09
392320 -2318.77
394649 -2324.46
396983 -2330.15
399324 -2335.84
401670 -2341.52
404022 -2347.21
406380 -2352.9
408743 -2358.59
411112 -2364.27
413487 -2369.96
415867 -2375.65
418253 -2381.34
420645 -2387.03
423042 -2392.71
425445 -2398.4
427854 -2404.09
430268 -2409.78
432689 -2415.46
435114 -2421.15
437546 -2426.84
439983 -2432.53
442426 -2438.21
444875 -2443.9
447329 -2449.59
449789 -2455.28
452255 -2460.96
454726 -2466.65
457203 -2472.34
459686 -2478.03
462174 -2483.71
464668 -2489.4
467168 -2495.09
469673 -2500.78
472184 -2506.46
474701 -2512.15
477224 -2517.84
479752 -2523.53
482286 -2529.22
484826 -2534.9
487371 -2540.59
489922 -2546.28
492478 -2551.97
495041 -2557.65
497609 -2563.34
500183 -2569.03
502762 -2574.72
505347 -2580.4
507938 -2586.09
510534 -2591.78
513136 -2597.47
515744 -2603.15
518358 -2608.84
520977 -2614.53
523602 -2620.22
526233 -2625.9
528869 -2631.59
531511 -2637.28
534158 -2642.97
536812 -2648.65
539471 -2654.34
542136 -2660.03
544806 -2665.72
547482 -2671.41
550164 -2677.09
552851 -2682.78
555544 -2688.47
558243 -2694.16
560948 -2699.84
563658 -2705.53
566374 -2711.22
569095 -2716.91
571823 -2722.59
574556 -2728.28
577294 -2733.97
580039 -2739.66
582789 -2745.34
585544 -2751.03
588306 -2756.72
591073 -2762.41
593846 -2768.09
596624 -2773.78
599408 -2779.47
602198 -2785.16
604994 -2790.84
607795 -2796.53
610602 -2802.22
613415 -2807.91
616233 -2813.59
619057 -2819.28
621886 -2824.97
624722 -2830.66
627563 -2836.35
630410 -2842.03
633262 -2847.72
636120 -2853.41
638984 -2859.1
641853 -2864.78
644728 -2870.47
647609 -2876.16
650496 -2881.85
653388 -2887.53
656286 -2893.22
659190 -2898.91
662099 -2904.6
665014 -2910.28
667934 -2915.97
670861 -2921.66
673793 -2927.35
676731 -2933.03
679674 -2938.72
682623 -2944.41
685578 -2950.1
688538 -2955.78
691504 -2961.47
694476 -2967.16
697454 -2972.85
700437 -2978.54
703426 -2984.22
706421 -2989.91
709421 -2995.6
712427 -3001.29
715439 -3006.97
718456 -3012.66
721479 -3018.35
724508 -3024.04
727542 -3029.72
730582 -3035.41
733628 -3041.1
736679 -3046.79
739737 -3052.47
742799 -3058.16
745868 -3063.85
748942 -3069.54
752022 -3075.22
755108 -3080.91
758199 -3086.6
761296 -3092.29
764399 -3097.97
767507 -3103.66
770621 -3109.35
773741 -3115.04
776866 -3120.73
779997 -3126.41
783134 -3132.1
786276 -3137.79
789425 -3143.48
792578 -3149.16
795738 -3154.85
798903 -3160.54
802074 -3166.23
805251 -3171.91
808433 -3177.6
811621 -3183.29
814815 -3188.98
818014 -3194.66
821219 -3200.35
824430 -3206.04
827646 -3211.73
830868 -3217.41
834096 -3223.1
837330 -3228.79
840569 -3234.48
843814 -3240.16
847064 -3245.85
850320 -3251.54
853582 -3257.23
856850 -3262.91
860123 -3268.6
863402 -3274.29
866687 -3279.98
869977 -3285.67
873273 -3291.35
876575 -3297.04
879882 -3302.73
883195 -3308.42
886514 -3314.1
889839 -3319.79
893169 -3325.48
896505 -3331.17
899846 -3336.85
903194 -3342.54
906546 -3348.23
909905 -3353.92
913269 -3359.6
916639 -3365.29
920015 -3370.98
923396 -3376.67
926783 -3382.35
930176 -3388.04
933575 -3393.73
936979 -3399.42
940388 -3405.1
943804 -3410.79
947225 -3416.48
950652 -3422.17
954084 -3427.86
957523 -3433.54
960967 -3439.23
964416 -3444.92
967872 -3450.61
971333 -3456.29
974799 -3461.98
978272 -3467.67
981750 -3473.36
985233 -3479.04
988723 -3484.73
992218 -3490.42
995719 -3496.11
999225 -3501.79
1.00274e+06 -3507.48
1.00626e+06 -3513.17
1.00978e+06 -3518.86
1.01331e+06 -3524.54
1.01684e+06 -3530.23
1.02038e+06 -3535.92
1.02393e+06 -3541.61
1.02748e+06 -3547.29
1.03104e+06 -3552.98
1.0346e+06 -3558.67
1.03817e+06 -3564.36
1.04175e+06 -3570.05
1.04533e+06 -3575.73
1.04891e+06 -3581.42
1.0525e+06 -3587.11
1.0561e+06 -3592.8
1.05971e+06 -3598.48
1.06331e+06 -3604.17
1.06693e+06 -3609.86
1.07055e+06 -3615.55
1.07418e+06 -3621.23
1.07781e+06 -3626.92
1.08144e+06 -3632.61
1.08509e+06 -3638.3
1.08874e+06 -3643.98
1.09239e+06 -3649.67
1.09605e+06 -3655.36
1.09972e+06 -3661.05
1.10339e+06 -3666.73
1.10706e+06 -3672.42
1.11075e+06 -3678.11
1.11444e+06 -3683.8
1.11813e+06 -3689.48
1.12183e+06 -3695.17
1.12554e+06 -3700.86
1.12925e+06 -3706.55
1.13296e+06 -3712.24
1.13669e+06 -3717.92
1.14041e+06 -3723.61
1.14415e+06 -3729.3
1.14789e+06 -3734.99
1.15163e+06 -3740.67
1.15538e+06 -3746.36
1.15914e+06 -3752.05
1.1629e+06 -3757.74
1.16667e+06 -3763.42
1.17045e+06 -3769.11
1.17422e+06 -3774.8
1.17801e+06 -3780.49
1.1818e+06 -3786.17
1.1856e+06 -3791.86
1.1894e+06 -3797.55
1.19321e+06 -3803.24
1.19702e+06 -3808.92
1.20084e+06 -3814.61
1.20467e+06 -3820.3
1.2085e+06 -3825.99
1.21233e+06 -3831.67
1.21617e+06 -3837.36
1.22002e+06 -3843.05
1.22388e+06 -3848.74
1.22773e+06 -3854.42
1.2316e+06 -3860.11
1.23547e+06 -3865.8
1.23935e+06 -3871.49
1.24323e+06 -3877.18
1.24712e+06 -3882.86
1.25101e+06 -3888.55
1.25491e+06 -3894.24
1.25881e+06 -3899.93
1.26272e+06 -3905.61
1.26664e+06 -3911.3
1.27056e+06 -3916.99
1.27449e+06 -3922.68
1.27842e+06 -3928.36
1.28236e+06 -3934.05
1.2863e+06 -3939.74
1.29025e+06 -3945.43
1.29421e+06 -3951.11
1.29817e+06 -3956.8
1.30214e+06 -3962.49
1.30611e+06 -3968.18
1.31009e+06 -3973.86
1.31407e+06 -3979.55
1.31806e+06 -3985.24
1.32206e+06 -3990.93
1.32606e+06 -3996.61
1.33007e+06 -4002.3
1.33408e+06 -4007.99
1.3381e+06 -4013.68
1.34212e+06 -4019.37
1.34615e+06 -4025.05
1.35019e+06 -4030.74
1.35423e+06 -4036.43
1.35828e+06 -4042.12
1.36233e+06 -4047.8
1.36639e+06 -4053.49
1.37045e+06 -4059.18
1.37452e+06 -4064.87
1.3786e+06 -4070.55
1.38268e+06 -4076.24
1.38676e+06 -4081.93
1.39086e+06 -4087.62
1.39495e+06 -4093.3
1.39906e+06 -4098.99
1.40317e+06 -4104.68
1.40728e+06 -4110.37
1.4114e+06 -4116.05
1.41553e+06 -4121.74
1.41966e+06 -4127.43
1.4238e+06 -4133.12
1.42794e+06 -4138.8
1.43209e+06 -4144.49
1.43625e+06 -4150.18
1.44041e+06 -4155.87
1.44457e+06 -4161.56
1.44874e+06 -4167.24
1.45292e+06 -4172.93
1.45711e+06 -4178.62
1.46129e+06 -4184.31
1.46549e+06 -4189.99
1.46969e+06 -4195.68
1.4739e+06 -4201.37
1.47811e+06 -4207.06
1.48233e+06 -4212.74
1.48655e+06 -4218.43
1.49078e+06 -4224.12
1.49501e+06 -4229.81
1.49925e+06 -4235.49
1.5035e+06 -4241.18
1.50775e+06 -4246.87
1.51201e+06 -4252.56
1.51627e+06 -4258.24
1.52054e+06 -4263.93
1.52481e+06 -4269.62
1.52909e+06 -4275.31
1.53338e+06 -4280.99
1.53767e+06 -4286.68
1.54197e+06 -4292.37
1.54627e+06 -4298.06
1.55058e+06 -4303.75
1.55489e+06 -4309.43
1.55921e+06 -4315.12
1.56354e+06 -4320.81
1.56787e+06 -4326.5
1.57221e+06 -4332.18
1.57655e+06 -4337.87
1.5809e+06 -4343.56
1.58525e+06 -4349.25
1.58961e+06 -4354.93
1.59397e+06 -4360.62
1.59835e+06 -4366.31
1.60272e+06 -4372
1.6071e+06 -4377.68
1.61149e+06 -4383.37
1.61589e+06 -4389.06
1.62029e+06 -4394.75
1.62469e+06 -4400.43
1.6291e+06 -4406.12
1.63352e+06 -4411.81
1.63794e+06 -4417.5
1.64237e+06 -4423.18
1.6468e+06 -4428.87
1.65124e+06 -4434.56
1.65569e+06 -4440.25
1.66014e+06 -4445.93
1.66459e+06 -4451.62
1.66906e+06 -4457.31
1.67352e+06 -4463
1.678e+06 -4468.69
1.68248e+06 -4474.37
1.68696e+06 -4480.06
1.69145e+06 -4485.75
1.69595e+06 -4491.44
1.70045e+06 -4497.12
1.70496e+06 -4502.81
1.70947e+06 -4508.5
1.71399e+06 -4514.19
1.71851e+06 -4519.87
1.72304e+06 -4525.56
1.72758e+06 -4531.25
1.73212e+06 -4536.94
1.73667e+06 -4542.62
1.74122e+06 -4548.31
1.74578e+06 -4554
1.75034e+06 -4559.69
1.75491e+06 -4565.37
1.75949e+06 -4571.06
1.76407e+06 -4576.75
1.76866e+06 -4582.44
1.77325e+06 -4588.12
1.77785e+06 -4593.81
1.78245e+06 -4599.5
1.78706e+06 -4605.19
1.79168e+06 -4610.88
1.7963e+06 -4616.56
1.80093e+06 -4622.25
1.80556e+06 -4627.94
1.8102e+06 -4633.63
1.81484e+06 -4639.31
1.81949e+06 -4645
1.82415e+06 -4650.69
1.82881e+06 -4656.38
1.83347e+06 -4662.06
1.83815e+06 -4667.75
1.84283e+06 -4673.44
1.84751e+06 -4679.13
1.8522e+06 -4684.81
1.85689e+06 -4690.5
1.86159e+06 -4696.19
1.8663e+06 -4701.88
1.87101e+06 -4707.56
1.87573e+06 -4713.25
1.88046e+06 -4718.94
1.88518e+06 -4724.63
1.88992e+06 -4730.31
1.89466e+06 -4736
1.89941e+06 -4741.69
1.90416e+06 -4747.38
1.90892e+06 -4753.07
1.91368e+06 -4758.75
1.91845e+06 -4764.44
1.92322e+06 -4770.13
1.928e+06 -4775.82
1.93279e+06 -4781.5
1.93758e+06 -4787.19
1.94238e+06 -4792.88
1.94718e+06 -4798.57
1.95199e+06 -4804.25
1.95681e+06 -4809.94
1.96163e+06 -4815.63
1.96645e+06 -4821.32
1.97128e+06 -4827
1.97612e+06 -4832.69
1.98097e+06 -4838.38
1.98581e+06 -4844.07
1.99067e+06 -4849.75
1.99553e+06 -4855.44
2.00039e+06 -4861.13
2.00527e+06 -4866.82
2.01014e+06 -4872.5
2.01503e+06 -4878.19
2.01991e+06 -4883.88
2.02481e+06 -4889.57
2.02971e+06 -4895.26
2.03461e+06 -4900.94
2.03953e+06 -4906.63
2.04444e+06 -4912.32
2.04937e+06 -4918.01
2.05429e+06 -4923.69
2.05923e+06 -4929.38
2.06417e+06 -4935.07
2.06911e+06 -4940.76
2.07406e+06 -4946.44
2.07902e+06 -4952.13
2.08398e+06 -4957.82
2.08895e+06 -4963.51
2.09393e+06 -4969.19
2.09891e+06 -4974.88
2.10389e+06 -4980.57
2.10888e+06 -4986.26
2.11388e+06 -4991.94
2.11888e+06 -4997.63
2.12389e+06 -5003.32
2.1289e+06 -5009.01
2.13392e+06 -5014.69
2.13895e+06 -5020.38
2.14398e+06 -5026.07
2.14901e+06 -5031.76
2.15406e+06 -5037.44
2.1591e+06 -5043.13
2.16416e+06 -5048.82
2.16922e+06 -5054.51
2.17428e+06 -5060.2
2.17935e+06 -5065.88
2.18443e+06 -5071.57
2.18951e+06 -5077.26
2.1946e+06 -5082.95
2.19969e+06 -5088.63
2.20479e+06 -5094.32
2.20989e+06 -5100.01
2.21501e+06 -5105.7
2.22012e+06 -5111.38
2.22524e+06 -5117.07
2.23037e+06 -5122.76
2.2355e+06 -5128.45
2.24064e+06 -5134.13
2.24579e+06 -5139.82
2.25094e+06 -5145.51
2.25609e+06 -5151.2
2.26125e+06 -5156.88
2.26642e+06 -5162.57
2.27159e+06 -5168.26
2.27677e+06 -5173.95
2.28196e+06 -5179.63
2.28715e+06 -5185.32
2.29234e+06 -5191.01
2.29754e+06 -5196.7
2.30275e+06 -5202.39
2.30796e+06 -5208.07
2.31318e+06 -5213.76
2.31841e+06 -5219.45
2.32364e+06 -5225.14
2.32887e+06 -5230.82
2.33411e+06 -5236.51
2.33936e+06 -5242.2
2.34461e+06 -5247.89
2.34987e+06 -5253.57
2.35514e+06 -5259.26
2.3604e+06 -5264.95
2.36568e+06 -5270.64
2.37096e+06 -5276.32
2.37625e+06 -5282.01
2.38154e+06 -5287.7
2.38684e+06 -5293.39
2.39214e+06 -5299.07
2.39745e+06 -5304.76
2.40277e+06 -5310.45
2.40809e+06 -5316.14
2.41341e+06 -5321.82
2.41875e+06 -5327.51
2.42408e+06 -5333.2
2.42943e+06 -5338.89
2.43478e+06 -5344.58
2.44013e+06 -5350.26
2.44549e+06 -5355.95
2.45086e+06 -5361.64
2.45623e+06 -5367.33
2.46161e+06 -5373.01
2.46699e+06 -5378.7
2.47238e+06 -5384.39
2.47778e+06 -5390.08
2.48318e+06 -5395.76
2.48858e+06 -5401.45
2.49399e+06 -5407.14
2.49941e+06 -5412.83
2.50484e+06 -5418.51
2.51026e+06 -5424.2
2.5157e+06 -5429.89
2.52114e+06 -5435.58
2.52658e+06 -5441.26
2.53204e+06 -5446.95
2.53749e+06 -5452.64
2.54296e+06 -5458.33
2.54843e+06 -5464.01
2.5539e+06 -5469.7
2.55938e+06 -5475.39
2.56487e+06 -5481.08
2.57036e+06 -5486.77
2.57585e+06 -5492.45
2.58136e+06 -5498.14
2.58687e+06 -5503.83
2.59238e+06 -5509.52
2.5979e+06 -5515.2
2.60343e+06 -5520.89
2.60896e+06 -5526.58
2.61449e+06 -5532.27
2.62004e+06 -5537.95
2.62558e+06 -5543.64
2.63114e+06 -5549.33
2.6367e+06 -5555.02
2.64226e+06 -5560.7
2.64783e+06 -5566.39
2.65341e+06 -5572.08
2.65899e+06 -5577.77
2.66458e+06 -5583.45
2.67018e+06 -5589.14
2.67578e+06 -5594.83
2.68138e+06 -5600.52
2.68699e+06 -5606.2
2.69261e+06 -5611.89
2.69823e+06 -5617.58
2.70386e+06 -5623.27
2.70949e+06 -5628.95
2.71513e+06 -5634.64
2.72078e+06 -5640.33
2.72643e+06 -5646.02
2.73208e+06 -5651.71
2.73775e+06 -5657.39
2.74341e+06 -5663.08
2.74909e+06 -5668.77
2.75477e+06 -5674.46
2.76045e+06 -5680.14
2.76614e+06 -5685.83
2.77184e+06 -5691.52
2.77754e+06 -5697.21
2.78325e+06 -5702.89
2.78896e+06 -5708.58
2.79468e+06 -5714.27
2.8004e+06 -5719.96
2.80613e+06 -5725.64
2.81187e+06 -5731.33
2.81761e+06 -5737.02
2.82336e+06 -5742.71
2.82911e+06 -5748.39
2.83487e+06 -5754.08
2.84064e+06 -5759.77
2.84641e+06 -5765.46
2.85218e+06 -5771.14
2.85796e+06 -5776.83
2.86375e+06 -5782.52
2.86954e+06 -5788.21
2.87534e+06 -5793.9
2.88115e+06 -5799.58
2.88696e+06 -5805.27
2.89277e+06 -5810.96
2.89859e+06 -5816.65
2.90442e+06 -5822.33
2.91025e+06 -5828.02
2.91609e+06 -5833.71
2.92194e+06 -5839.4
2.92778e+06 -5845.08
2.93364e+06 -5850.77
2.9395e+06 -5856.46
2.94537e+06 -5862.15
2.95124e+06 -5867.83
2.95712e+06 -5873.52
2.963e+06 -5879.21
2.96889e+06 -5884.9
2.97479e+06 -5890.58
2.98069e+06 -5896.27
2.9866e+06 -5901.96
2.99251e+06 -5907.65
2.99843e+06 -5913.33
3.00435e+06 -5919.02
3.01028e+06 -5924.71
3.01621e+06 -5930.4
3.02215e+06 -5936.09
3.0281e+06 -5941.77
3.03405e+06 -5947.46
3.04001e+06 -5953.15
3.04597e+06 -5958.84
3.05194e+06 -5964.52
3.05792e+06 -5970.21
3.0639e+06 -5975.9
3.06989e+06 -5981.59
3.07588e+06 -5987.27
3.08188e+06 -5992.96
3.08788e+06 -5998.65
3.09389e+06 -6004.34
3.0999e+06 -6010.02
3.10592e+06 -6015.71
3.11195e+06 -6021.4
3.11798e+06 -6027.09
3.12402e+06 -6032.77
3.13006e+06 -6038.46
3.13611e+06 -6044.15
3.14216e+06 -6049.84
3.14822e+06 -6055.52
3.15429e+06 -6061.21
3.16036e+06 -6066.9
3.16644e+06 -6072.59
3.17252e+06 -6078.28
3.17861e+06 -6083.96
3.18471e+06 -6089.65
3.19081e+06 -6095.34
3.19691e+06 -6101.03
3.20302e+06 -6106.71
3.20914e+06 -6112.4
3.21526e+06 -6118.09
3.22139e+06 -6123.78
3.22753e+06 -6129.46
3.23366e+06 -6135.15
3.23981e+06 -6140.84
3.24596e+06 -6146.53
3.25212e+06 -6152.21
3.25828e+06 -6157.9
3.26445e+06 -6163.59
3.27062e+06 -6169.28
3.2768e+06 -6174.96
3.28299e+06 -6180.65
3.28918e+06 -6186.34
3.29538e+06 -6192.03
3.30158e+06 -6197.71
3.30779e+06 -6203.4
3.314e+06 -6209.09
3.32022e+06 -6214.78
3.32645e+06 -6220.46
3.33268e+06 -6226.15
3.33891e+06 -6231.84
3.34515e+06 -6237.53
3.3514e+06 -6243.22
3.35766e+06 -6248.9
3.36392e+06 -6254.59
3.37018e+06 -6260.28
3.37645e+06 -6265.97
3.38273e+06 -6271.65
3.38901e+06 -6277.34
3.3953e+06 -6283.03
3.40159e+06 -6288.72
3.40789e+06 -6294.4
3.41419e+06 -6300.09
3.4205e+06 -6305.78
3.42682e+06 -6311.47
3.43314e+06 -6317.15
3.43947e+06 -6322.84
3.4458e+06 -6328.53
3.45214e+06 -6334.22
3.45849e+06 -6339.9
3.46484e+06 -6345.59
3.47119e+06 -6351.28
3.47755e+06 -6356.97
3.48392e+06 -6362.65
3.4903e+06 -6368.34
3.49667e+06 -6374.03
3.50306e+06 -6379.72
3.50945e+06 -6385.41
3.51584e+06 -6391.09
3.52225e+06 -6396.78
3.52865e+06 -6402.47
3.53507e+06 -6408.16
3.54148e+06 -6413.84
3.54791e+06 -6419.53
3.55434e+06 -6425.22
3.56077e+06 -6430.91
3.56722e+06 -6436.59
3.57366e+06 -6442.28
3.58011e+06 -6447.97
3.58657e+06 -6453.66
3.59304e+06 -6459.34
3.59951e+06 -6465.03
3.60598e+06 -6470.72
3.61246e+06 -6476.41
3.61895e+06 -6482.09
3.62544e+06 -6487.78
3.63194e+06 -6493.47
3.63844e+06 -6499.16
3.64495e+06 -6504.84
3.65147e+06 -6510.53
3.65799e+06 -6516.22
3.66452e+06 -6521.91
3.67105e+06 -6527.6
3.67759e+06 -6533.28
3.68413e+06 -6538.97
3.69068e+06 -6544.66
3.69724e+06 -6550.35
3.7038e+06 -6556.03
3.71036e+06 -6561.72
3.71693e+06 -6567.41
3.72351e+06 -6573.1
3.7301e+06 -6578.78
3.73668e+06 -6584.47
3.74328e+06 -6590.16
3.74988e+06 -6595.85
3.75649e+06 -6601.53
3.7631e+06 -6607.22
3.76972e+06 -6612.91
3.77634e+06 -6618.6
3.78297e+06 -6624.28
3.7896e+06 -6629.97
3.79624e+06 -6635.66
3.80289e+06 -6641.35
3.80954e+06 -6647.03
3.8162e+06 -6652.72
3.82286e+06 -6658.41
